<?xml version="1.0" encoding="utf-8" standalone="no"?>
<!--This file represents the results of running a test suite-->
<test-results name="C:\Users\astral\Documents\GitHub\nunit-split-runner\Solution\NUnitSplitRunnerSpecification\bin\Debug\Project1.nunit" total="15" errors="0" failures="5" not-run="5" inconclusive="5" ignored="5" skipped="0" invalid="0" date="2015-08-09" time="20:43:53">
  <environment nunit-version="2.6.2.12296" clr-version="2.0.50727.8009" os-version="Microsoft Windows NT 6.2.9200.0" platform="Win32NT" cwd="C:\Program Files (x86)\NUnit 2.6.2\bin" machine-name="JERUSALEM" user="astral" user-domain="JERUSALEM" />
  <culture-info current-culture="pl-PL" current-uiculture="pl-PL" />
  <test-suite type="Project" name="C:\Users\astral\Documents\GitHub\nunit-split-runner\Solution\NUnitSplitRunnerSpecification\bin\Debug\Project1.nunit" executed="True" result="Failure" success="False" time="0.598" asserts="0">
    <results>
      <test-suite type="Assembly" name="C:\Users\astral\Documents\GitHub\nunit-split-runner\Solution\NUnitSplitRunnerSpecification\bin\Debug\ClassLibrary1.dll" executed="True" result="Failure" success="False" time="0.459" asserts="0">
        <results>
          <test-suite type="Namespace" name="ClassLibrary1" executed="True" result="Failure" success="False" time="0.459" asserts="0">
            <results>
              <test-suite type="TestFixture" name="Tests" executed="True" result="Failure" success="False" time="0.458" asserts="0">
                <results>
                  <test-case name="ClassLibrary1.Tests.Failed" executed="True" result="Failure" success="False" time="0.036" asserts="0">
                    <failure>
                      <message><![CDATA[this is Failed test from ClassLibrary1, Version=1.0.0.0, Culture=neutral, PublicKeyToken=null]]></message>
                      <stack-trace><![CDATA[w ClassLibrary1.Tests.Failed() w C:\Users\astral\Documents\GitHub\nunit-split-runner\Solution\ClassLibrary1\Tests.cs:wiersz 17
]]></stack-trace>
                    </failure>
                  </test-case>
                  <test-case name="ClassLibrary1.Tests.Ignored" executed="False" result="Ignored">
                    <reason>
                      <message><![CDATA[this is Ignored test from ClassLibrary1, Version=1.0.0.0, Culture=neutral, PublicKeyToken=null]]></message>
                    </reason>
                  </test-case>
                  <test-case name="ClassLibrary1.Tests.Inconclusive" executed="True" result="Inconclusive" success="False" time="0.001" asserts="0">
                    <reason>
                      <message><![CDATA[this is Inconclusive test from ClassLibrary1, Version=1.0.0.0, Culture=neutral, PublicKeyToken=null]]></message>
                    </reason>
                  </test-case>
                  <test-case name="ClassLibrary1.Tests.Passed" executed="True" result="Success" success="True" time="0.001" asserts="0">
                    <reason>
                      <message><![CDATA[this is Passed test from ClassLibrary1, Version=1.0.0.0, Culture=neutral, PublicKeyToken=null]]></message>
                    </reason>
                  </test-case>
                </results>
              </test-suite>
            </results>
          </test-suite>
        </results>
      </test-suite>
      <test-suite type="Assembly" name="C:\Users\astral\Documents\GitHub\nunit-split-runner\Solution\NUnitSplitRunnerSpecification\bin\Debug\ClassLibrary2.dll" executed="True" result="Failure" success="False" time="0.026" asserts="0">
        <results>
          <test-suite type="Namespace" name="ClassLibrary2" executed="True" result="Failure" success="False" time="0.026" asserts="0">
            <results>
              <test-suite type="TestFixture" name="Tests" executed="True" result="Failure" success="False" time="0.025" asserts="0">
                <results>
                  <test-case name="ClassLibrary2.Tests.Failed" executed="True" result="Failure" success="False" time="0.015" asserts="0">
                    <failure>
                      <message><![CDATA[this is Failed test from ClassLibrary2, Version=1.0.0.0, Culture=neutral, PublicKeyToken=null]]></message>
                      <stack-trace><![CDATA[w ClassLibrary2.Tests.Failed() w C:\Users\astral\Documents\GitHub\nunit-split-runner\Solution\ClassLibrary2\Tests.cs:wiersz 17
]]></stack-trace>
                    </failure>
                  </test-case>
                  <test-case name="ClassLibrary2.Tests.Ignored" executed="False" result="Ignored">
                    <reason>
                      <message><![CDATA[this is Ignored test from ClassLibrary2, Version=1.0.0.0, Culture=neutral, PublicKeyToken=null]]></message>
                    </reason>
                  </test-case>
                  <test-case name="ClassLibrary2.Tests.Inconclusive" executed="True" result="Inconclusive" success="False" time="0.001" asserts="0">
                    <reason>
                      <message><![CDATA[this is Inconclusive test from ClassLibrary2, Version=1.0.0.0, Culture=neutral, PublicKeyToken=null]]></message>
                    </reason>
                  </test-case>
                  <test-case name="ClassLibrary2.Tests.Passed" executed="True" result="Success" success="True" time="0.001" asserts="0">
                    <reason>
                      <message><![CDATA[this is Passed test from ClassLibrary2, Version=1.0.0.0, Culture=neutral, PublicKeyToken=null]]></message>
                    </reason>
                  </test-case>
                </results>
              </test-suite>
            </results>
          </test-suite>
        </results>
      </test-suite>
      <test-suite type="Assembly" name="C:\Users\astral\Documents\GitHub\nunit-split-runner\Solution\NUnitSplitRunnerSpecification\bin\Debug\ClassLibrary3.dll" executed="True" result="Failure" success="False" time="0.035" asserts="0">
        <results>
          <test-suite type="Namespace" name="ClassLibrary3" executed="True" result="Failure" success="False" time="0.035" asserts="0">
            <results>
              <test-suite type="TestFixture" name="Tests" executed="True" result="Failure" success="False" time="0.035" asserts="0">
                <results>
                  <test-case name="ClassLibrary3.Tests.Failed" executed="True" result="Failure" success="False" time="0.024" asserts="0">
                    <failure>
                      <message><![CDATA[this is Failed test from ClassLibrary3, Version=1.0.0.0, Culture=neutral, PublicKeyToken=null]]></message>
                      <stack-trace><![CDATA[w ClassLibrary3.Tests.Failed() w C:\Users\astral\Documents\GitHub\nunit-split-runner\Solution\ClassLibrary3\Tests.cs:wiersz 17
]]></stack-trace>
                    </failure>
                  </test-case>
                  <test-case name="ClassLibrary3.Tests.Ignored" executed="False" result="Ignored">
                    <reason>
                      <message><![CDATA[this is Ignored test from ClassLibrary3, Version=1.0.0.0, Culture=neutral, PublicKeyToken=null]]></message>
                    </reason>
                  </test-case>
                  <test-case name="ClassLibrary3.Tests.Inconclusive" executed="True" result="Inconclusive" success="False" time="0.001" asserts="0">
                    <reason>
                      <message><![CDATA[this is Inconclusive test from ClassLibrary3, Version=1.0.0.0, Culture=neutral, PublicKeyToken=null]]></message>
                    </reason>
                  </test-case>
                  <test-case name="ClassLibrary3.Tests.Passed" executed="True" result="Success" success="True" time="0.000" asserts="0">
                    <reason>
                      <message><![CDATA[this is Passed test from ClassLibrary3, Version=1.0.0.0, Culture=neutral, PublicKeyToken=null]]></message>
                    </reason>
                  </test-case>
                </results>
              </test-suite>
            </results>
          </test-suite>
        </results>
      </test-suite>
      <test-suite type="Assembly" name="C:\Users\astral\Documents\GitHub\nunit-split-runner\Solution\NUnitSplitRunnerSpecification\bin\Debug\ClassLibrary4.dll" executed="True" result="Failure" success="False" time="0.016" asserts="0">
        <results>
          <test-suite type="Namespace" name="ClassLibrary4" executed="True" result="Failure" success="False" time="0.014" asserts="0">
            <results>
              <test-suite type="TestFixture" name="Tests" executed="True" result="Failure" success="False" time="0.014" asserts="0">
                <results>
                  <test-case name="ClassLibrary4.Tests.Failed" executed="True" result="Failure" success="False" time="0.002" asserts="0">
                    <failure>
                      <message><![CDATA[this is Failed test from ClassLibrary4, Version=1.0.0.0, Culture=neutral, PublicKeyToken=null]]></message>
                      <stack-trace><![CDATA[w ClassLibrary4.Tests.Failed() w C:\Users\astral\Documents\GitHub\nunit-split-runner\Solution\ClassLibrary4\Tests.cs:wiersz 17
]]></stack-trace>
                    </failure>
                  </test-case>
                  <test-case name="ClassLibrary4.Tests.Ignored" executed="False" result="Ignored">
                    <reason>
                      <message><![CDATA[this is Ignored test from ClassLibrary4, Version=1.0.0.0, Culture=neutral, PublicKeyToken=null]]></message>
                    </reason>
                  </test-case>
                  <test-case name="ClassLibrary4.Tests.Inconclusive" executed="True" result="Inconclusive" success="False" time="0.001" asserts="0">
                    <reason>
                      <message><![CDATA[this is Inconclusive test from ClassLibrary4, Version=1.0.0.0, Culture=neutral, PublicKeyToken=null]]></message>
                    </reason>
                  </test-case>
                  <test-case name="ClassLibrary4.Tests.Passed" executed="True" result="Success" success="True" time="0.000" asserts="0">
                    <reason>
                      <message><![CDATA[this is Passed test from ClassLibrary4, Version=1.0.0.0, Culture=neutral, PublicKeyToken=null]]></message>
                    </reason>
                  </test-case>
                </results>
              </test-suite>
            </results>
          </test-suite>
        </results>
      </test-suite>
      <test-suite type="Assembly" name="C:\Users\astral\Documents\GitHub\nunit-split-runner\Solution\NUnitSplitRunnerSpecification\bin\Debug\ClassLibrary5.dll" executed="True" result="Failure" success="False" time="0.033" asserts="0">
        <results>
          <test-suite type="Namespace" name="ClassLibrary5" executed="True" result="Failure" success="False" time="0.033" asserts="0">
            <results>
              <test-suite type="TestFixture" name="Tests" executed="True" result="Failure" success="False" time="0.032" asserts="0">
                <results>
                  <test-case name="ClassLibrary5.Tests.Failed" executed="True" result="Failure" success="False" time="0.020" asserts="0">
                    <failure>
                      <message><![CDATA[this is Failed test from ClassLibrary5, Version=1.0.0.0, Culture=neutral, PublicKeyToken=null]]></message>
                      <stack-trace><![CDATA[w ClassLibrary5.Tests.Failed() w C:\Users\astral\Documents\GitHub\nunit-split-runner\Solution\ClassLibrary5\Tests.cs:wiersz 17
]]></stack-trace>
                    </failure>
                  </test-case>
                  <test-case name="ClassLibrary5.Tests.Ignored" executed="False" result="Ignored">
                    <reason>
                      <message><![CDATA[this is Ignored test from ClassLibrary5, Version=1.0.0.0, Culture=neutral, PublicKeyToken=null]]></message>
                    </reason>
                  </test-case>
                  <test-case name="ClassLibrary5.Tests.Inconclusive" executed="True" result="Inconclusive" success="False" time="0.001" asserts="0">
                    <reason>
                      <message><![CDATA[this is Inconclusive test from ClassLibrary5, Version=1.0.0.0, Culture=neutral, PublicKeyToken=null]]></message>
                    </reason>
                  </test-case>
                  <test-case name="ClassLibrary5.Tests.Passed" executed="True" result="Success" success="True" time="0.001" asserts="0">
                    <reason>
                      <message><![CDATA[this is Passed test from ClassLibrary5, Version=1.0.0.0, Culture=neutral, PublicKeyToken=null]]></message>
                    </reason>
                  </test-case>
                </results>
              </test-suite>
            </results>
          </test-suite>
        </results>
      </test-suite>
    </results>
  </test-suite>
</test-results>